2026-04-17 10:43:21,005 - 🚀 启动 V3.1 训练 | 模式: baseline | Clip: 0.1
2026-04-17 10:43:21,092 - Train Samples: 52839 | Val Samples: 2780
2026-04-17 10:43:21,093 - ⚡ 正在初始化 Baseline (SimVP + MSELoss)...
2026-04-17 11:33:45,541 - Ep 1 | Loss: 0.0242 | CSI-M: 0.4799 | SSIM: 0.5628
2026-04-17 11:33:45,566 - 🔥 New Best CSI: 0.4799
2026-04-17 12:22:52,732 - Ep 2 | Loss: 0.0139 | CSI-M: 0.5311 | SSIM: 0.6334
2026-04-17 12:22:52,739 - 🔥 New Best CSI: 0.5311
2026-04-17 13:12:04,637 - Ep 3 | Loss: 0.0132 | CSI-M: 0.3786 | SSIM: 0.5428
2026-04-17 14:01:42,869 - Ep 4 | Loss: 0.0128 | CSI-M: 0.5202 | SSIM: 0.6278
2026-04-17 14:51:29,457 - Ep 5 | Loss: 0.0127 | CSI-M: 0.5081 | SSIM: 0.5335
2026-04-17 15:40:49,903 - Ep 6 | Loss: 0.0126 | CSI-M: 0.5424 | SSIM: 0.6787
2026-04-17 15:40:49,910 - 🔥 New Best CSI: 0.5424
2026-04-17 16:29:46,519 - Ep 7 | Loss: 0.0126 | CSI-M: 0.5245 | SSIM: 0.6354
2026-04-17 17:18:45,371 - Ep 8 | Loss: 0.0124 | CSI-M: 0.4492 | SSIM: 0.5140
2026-04-17 18:07:49,660 - Ep 9 | Loss: 0.0124 | CSI-M: 0.4254 | SSIM: 0.5969
2026-04-17 18:56:51,567 - Ep 10 | Loss: 0.0123 | CSI-M: 0.4223 | SSIM: 0.5877
2026-04-17 19:45:41,401 - Ep 11 | Loss: 0.0122 | CSI-M: 0.4533 | SSIM: 0.4912
2026-04-17 20:34:24,872 - Ep 12 | Loss: 0.0122 | CSI-M: 0.5351 | SSIM: 0.5829
2026-04-17 21:23:05,867 - Ep 13 | Loss: 0.0121 | CSI-M: 0.5262 | SSIM: 0.6390
2026-04-17 22:11:54,378 - Ep 14 | Loss: 0.0120 | CSI-M: 0.5447 | SSIM: 0.6503
2026-04-17 22:11:54,385 - 🔥 New Best CSI: 0.5447
2026-04-17 23:00:40,050 - Ep 15 | Loss: 0.0120 | CSI-M: 0.5459 | SSIM: 0.5305
2026-04-17 23:00:40,056 - 🔥 New Best CSI: 0.5459
2026-04-17 23:49:28,574 - Ep 16 | Loss: 0.0119 | CSI-M: 0.5647 | SSIM: 0.6241
2026-04-17 23:49:28,581 - 🔥 New Best CSI: 0.5647
2026-04-18 00:38:10,083 - Ep 17 | Loss: 0.0119 | CSI-M: 0.5607 | SSIM: 0.6265
2026-04-18 01:26:48,138 - Ep 18 | Loss: 0.0119 | CSI-M: 0.5108 | SSIM: 0.5176
2026-04-18 02:15:29,056 - Ep 19 | Loss: 0.0118 | CSI-M: 0.5540 | SSIM: 0.6067
2026-04-18 03:04:10,013 - Ep 20 | Loss: 0.0118 | CSI-M: 0.5087 | SSIM: 0.5491
2026-04-18 03:52:49,398 - Ep 21 | Loss: 0.0118 | CSI-M: 0.5388 | SSIM: 0.6270
2026-04-18 04:41:32,344 - Ep 22 | Loss: 0.0117 | CSI-M: 0.4875 | SSIM: 0.6319
2026-04-18 05:30:16,584 - Ep 23 | Loss: 0.0117 | CSI-M: 0.4775 | SSIM: 0.5806
2026-04-18 06:18:55,763 - Ep 24 | Loss: 0.0117 | CSI-M: 0.5460 | SSIM: 0.6469
2026-04-18 07:07:25,756 - Ep 25 | Loss: 0.0117 | CSI-M: 0.5292 | SSIM: 0.6320
2026-04-18 07:56:06,775 - Ep 26 | Loss: 0.0117 | CSI-M: 0.5107 | SSIM: 0.5255
2026-04-18 08:44:57,411 - Ep 27 | Loss: 0.0116 | CSI-M: 0.5715 | SSIM: 0.6128
2026-04-18 08:44:57,417 - 🔥 New Best CSI: 0.5715
2026-04-18 09:34:01,965 - Ep 28 | Loss: 0.0116 | CSI-M: 0.4960 | SSIM: 0.6361
2026-04-18 10:23:13,375 - Ep 29 | Loss: 0.0116 | CSI-M: 0.5666 | SSIM: 0.4359
2026-04-18 11:12:14,268 - Ep 30 | Loss: 0.0116 | CSI-M: 0.5676 | SSIM: 0.6246
2026-04-18 12:01:36,654 - Ep 31 | Loss: 0.0115 | CSI-M: 0.5347 | SSIM: 0.5987
2026-04-18 12:51:17,369 - Ep 32 | Loss: 0.0115 | CSI-M: 0.5761 | SSIM: 0.5549
2026-04-18 12:51:17,375 - 🔥 New Best CSI: 0.5761
2026-04-18 13:41:06,218 - Ep 33 | Loss: 0.0115 | CSI-M: 0.5141 | SSIM: 0.5739
2026-04-18 14:31:06,776 - Ep 34 | Loss: 0.0115 | CSI-M: 0.5382 | SSIM: 0.6260
2026-04-18 15:21:14,330 - Ep 35 | Loss: 0.0114 | CSI-M: 0.5736 | SSIM: 0.6476
2026-04-18 16:11:32,161 - Ep 36 | Loss: 0.0114 | CSI-M: 0.5633 | SSIM: 0.6291
2026-04-18 17:01:53,178 - Ep 37 | Loss: 0.0114 | CSI-M: 0.5690 | SSIM: 0.6165
2026-04-18 17:52:21,597 - Ep 38 | Loss: 0.0114 | CSI-M: 0.4959 | SSIM: 0.6031
2026-04-18 18:42:53,998 - Ep 39 | Loss: 0.0114 | CSI-M: 0.5557 | SSIM: 0.4575
2026-04-18 19:33:23,648 - Ep 40 | Loss: 0.0114 | CSI-M: 0.5374 | SSIM: 0.4798
2026-04-18 20:23:54,697 - Ep 41 | Loss: 0.0113 | CSI-M: 0.5229 | SSIM: 0.5932
2026-04-18 21:14:20,988 - Ep 42 | Loss: 0.0113 | CSI-M: 0.5793 | SSIM: 0.6089
2026-04-18 21:14:20,995 - 🔥 New Best CSI: 0.5793
2026-04-18 22:04:39,141 - Ep 43 | Loss: 0.0113 | CSI-M: 0.5584 | SSIM: 0.6216
2026-04-18 22:55:04,600 - Ep 44 | Loss: 0.0113 | CSI-M: 0.5643 | SSIM: 0.6201
2026-04-18 23:45:30,067 - Ep 45 | Loss: 0.0112 | CSI-M: 0.5723 | SSIM: 0.6316
2026-04-19 00:35:45,295 - Ep 46 | Loss: 0.0113 | CSI-M: 0.5303 | SSIM: 0.6155
2026-04-19 01:26:06,057 - Ep 47 | Loss: 0.0112 | CSI-M: 0.5713 | SSIM: 0.6245
2026-04-19 02:16:36,237 - Ep 48 | Loss: 0.0112 | CSI-M: 0.5032 | SSIM: 0.6390
2026-04-19 03:06:59,889 - Ep 49 | Loss: 0.0112 | CSI-M: 0.5384 | SSIM: 0.6298
2026-04-19 03:57:23,144 - Ep 50 | Loss: 0.0112 | CSI-M: 0.5600 | SSIM: 0.6336
